TpTrace Verbose: 0 : 19436, 1, 2022/01/06, 22:05:50.132, 11344017889063, datacollector.dll, Version: 17.0.0
TpTrace Information: 0 : 19436, 1, 2022/01/06, 22:05:50.140, 11344017945963, datacollector.dll, DataCollectorMain.Run: Starting data collector run with args: --port,51401,--parentprocessid,25124,--diag,C:\Users\prico\Desktop\Classification-of-IrisFlower-Project\IrisAPI\bin\Debug\net5.0\fine-code-coverage\coverage-tool-output\diagnostics.datacollector.22-01-06_22-05-50_03554_5.log,--tracelevel,4
TpTrace Information: 0 : 19436, 1, 2022/01/06, 22:05:50.141, 11344017948920, datacollector.dll, DataCollector: Monitoring parent process with id: '25124'
TpTrace Information: 0 : 19436, 1, 2022/01/06, 22:05:50.194, 11344018480493, datacollector.dll, Trying to connect to server on socket : 127.0.0.1:51401 
TpTrace Verbose: 0 : 19436, 1, 2022/01/06, 22:05:50.201, 11344018551888, datacollector.dll, SocketCommunicationManager : SetupClientAsync : Attempting to connect to the server.
TpTrace Information: 0 : 19436, 8, 2022/01/06, 22:05:50.211, 11344018650655, datacollector.dll, Connected to the server successfully 
TpTrace Information: 0 : 19436, 8, 2022/01/06, 22:05:50.211, 11344018651672, datacollector.dll, Using the buffer size of 16384 bytes
TpTrace Information: 0 : 19436, 1, 2022/01/06, 22:05:50.277, 11344019310602, datacollector.dll, DataCollector: Start Request Processing.
TpTrace Information: 0 : 19436, 1, 2022/01/06, 22:05:50.280, 11344019341454, datacollector.dll, DataCollectionRequestHandler.ProcessRequests : Datacollector received message: (DataCollection.BeforeTestRunStart) -> {
  "SettingsXml": "<RunSettings><RunConfiguration><ResultsDirectory>C:\\Users\\prico\\Desktop\\Classification-of-IrisFlower-Project\\IrisAPI\\bin\\Debug\\net5.0\\fine-code-coverage\\coverage-tool-output</ResultsDirectory><TargetPlatform>X64</TargetPlatform><TargetFrameworkVersion>.NETCoreApp,Version=v5.0</TargetFrameworkVersion><DesignMode>False</DesignMode><CollectSourceInformation>False</CollectSourceInformation><TestAdaptersPaths>C:\\Program Files\\dotnet\\sdk\\6.0.100\\Extensions</TestAdaptersPaths></RunConfiguration><LoggerRunSettings><Loggers><Logger friendlyName=\"blame\" enabled=\"True\" /><Logger friendlyName=\"Console\" uri=\"logger://microsoft/TestPlatform/ConsoleLogger/v1\" assemblyQualifiedName=\"Microsoft.VisualStudio.TestPlatform.CommandLine.Internal.ConsoleLogger, vstest.console, Version=15.0.0.0, Culture=neutral, PublicKeyToken=b03f5f7f11d50a3a\" codeBase=\"C:\\Program Files\\dotnet\\sdk\\6.0.100\\vstest.console.dll\" enabled=\"True\" /></Loggers></LoggerRunSettings><DataCollectionRunSettings><DataCollectors><DataCollector friendlyName=\"blame\" enabled=\"True\"><Configuration><ResultsDirectory>C:\\Users\\prico\\Desktop\\Classification-of-IrisFlower-Project\\IrisAPI\\bin\\Debug\\net5.0\\fine-code-coverage\\coverage-tool-output</ResultsDirectory></Configuration></DataCollector></DataCollectors></DataCollectionRunSettings></RunSettings>",
  "Sources": [
    "C:\\Users\\prico\\Desktop\\Classification-of-IrisFlower-Project\\IrisAPI\\bin\\Debug\\net5.0\\fine-code-coverage\\build-output\\IrisAPI.dll"
  ],
  "IsTelemetryOptedIn": false
}
TpTrace Verbose: 0 : 19436, 1, 2022/01/06, 22:05:50.312, 11344019663441, datacollector.dll, TestPluginCache: Update extensions started. Skip filter = False
TpTrace Verbose: 0 : 19436, 1, 2022/01/06, 22:05:50.313, 11344019669025, datacollector.dll, TestPluginCache: Using directories for assembly resolution 'C:\Program Files\dotnet\sdk\6.0.100\Extensions'.
TpTrace Verbose: 0 : 19436, 1, 2022/01/06, 22:05:50.313, 11344019669530, datacollector.dll, TestPluginCache: Updated the available extensions to 'C:\Program Files\dotnet\sdk\6.0.100\Extensions\Microsoft.TestPlatform.Extensions.BlameDataCollector.dll,C:\Program Files\dotnet\sdk\6.0.100\Extensions\Microsoft.TestPlatform.Extensions.EventLogCollector.dll'.
TpTrace Verbose: 0 : 19436, 1, 2022/01/06, 22:05:50.318, 11344019726551, datacollector.dll, TestPluginCache.DiscoverTestExtensions: finding test extensions in assemblies ends with: Collector.dll TPluginInfo: Microsoft.VisualStudio.TestPlatform.Common.DataCollector.DataCollectorConfig TExtension: Microsoft.VisualStudio.TestPlatform.ObjectModel.DataCollection.DataCollector
TpTrace Verbose: 0 : 19436, 1, 2022/01/06, 22:05:50.319, 11344019728430, datacollector.dll, TestPluginCache.GetExtensionPaths: Filtered extension paths: C:\Program Files\dotnet\sdk\6.0.100\Extensions\Microsoft.TestPlatform.Extensions.BlameDataCollector.dll
C:\Program Files\dotnet\sdk\6.0.100\Extensions\Microsoft.TestPlatform.Extensions.EventLogCollector.dll
TpTrace Verbose: 0 : 19436, 1, 2022/01/06, 22:05:50.319, 11344019728887, datacollector.dll, TestPluginCache.GetExtensionPaths: Added default extension paths: 
TpTrace Verbose: 0 : 19436, 1, 2022/01/06, 22:05:50.319, 11344019729201, datacollector.dll, TestPluginCache.GetExtensionPaths: Added unfilterableExtensionPaths: 
TpTrace Information: 0 : 19436, 1, 2022/01/06, 22:05:50.319, 11344019734044, datacollector.dll, AssemblyResolver.ctor: Creating AssemblyResolver with searchDirectories C:\Program Files\dotnet\sdk\6.0.100\Extensions,C:\Program Files\dotnet\sdk\6.0.100
TpTrace Verbose: 0 : 19436, 1, 2022/01/06, 22:05:50.320, 11344019742389, datacollector.dll, TestPluginCache.DiscoverTestExtensions: Discovering the extensions using extension path.
TpTrace Verbose: 0 : 19436, 1, 2022/01/06, 22:05:50.320, 11344019743439, datacollector.dll, TestPluginCache.GetExtensionPaths: Filtered extension paths: C:\Program Files\dotnet\sdk\6.0.100\Extensions\Microsoft.TestPlatform.Extensions.BlameDataCollector.dll
C:\Program Files\dotnet\sdk\6.0.100\Extensions\Microsoft.TestPlatform.Extensions.EventLogCollector.dll
TpTrace Verbose: 0 : 19436, 1, 2022/01/06, 22:05:50.320, 11344019743856, datacollector.dll, TestPluginCache.GetExtensionPaths: Added default extension paths: 
TpTrace Verbose: 0 : 19436, 1, 2022/01/06, 22:05:50.320, 11344019744126, datacollector.dll, TestPluginCache.GetExtensionPaths: Added unfilterableExtensionPaths: 
TpTrace Verbose: 0 : 19436, 1, 2022/01/06, 22:05:50.320, 11344019744519, datacollector.dll, TestPluginCache.DiscoverTestExtensions: Discovering the extensions using allExtensionPaths: C:\Program Files\dotnet\sdk\6.0.100\Extensions\Microsoft.TestPlatform.Extensions.BlameDataCollector.dll
C:\Program Files\dotnet\sdk\6.0.100\Extensions\Microsoft.TestPlatform.Extensions.EventLogCollector.dll
TpTrace Information: 0 : 19436, 1, 2022/01/06, 22:05:50.320, 11344019745245, datacollector.dll, AssemblyResolver.AddSearchDirectories: Adding more searchDirectories C:\Program Files\dotnet\sdk\6.0.100\Extensions,C:\Program Files\dotnet\sdk\6.0.100
TpTrace Information: 0 : 19436, 1, 2022/01/06, 22:05:50.320, 11344019745721, datacollector.dll, AssemblyResolver.AddSearchDirectories: Adding more searchDirectories C:\Program Files\dotnet\sdk\6.0.100\Extensions,C:\Program Files\dotnet\sdk\6.0.100
TpTrace Information: 0 : 19436, 1, 2022/01/06, 22:05:50.321, 11344019748452, datacollector.dll, AssemblyResolver.OnResolve: Microsoft.TestPlatform.Extensions.BlameDataCollector: Resolving assembly.
TpTrace Information: 0 : 19436, 1, 2022/01/06, 22:05:50.321, 11344019749066, datacollector.dll, AssemblyResolver.OnResolve: Microsoft.TestPlatform.Extensions.BlameDataCollector: Searching in: 'C:\Program Files\dotnet\sdk\6.0.100\Extensions'.
TpTrace Information: 0 : 19436, 1, 2022/01/06, 22:05:50.322, 11344019759193, datacollector.dll, AssemblyResolver.OnResolve: Microsoft.TestPlatform.Extensions.BlameDataCollector: Loading assembly 'C:\Program Files\dotnet\sdk\6.0.100\Extensions\Microsoft.TestPlatform.Extensions.BlameDataCollector.dll'.
TpTrace Information: 0 : 19436, 1, 2022/01/06, 22:05:50.323, 11344019771879, datacollector.dll, AssemblyResolver.OnResolve: Resolved assembly: Microsoft.TestPlatform.Extensions.BlameDataCollector, from path: C:\Program Files\dotnet\sdk\6.0.100\Extensions\Microsoft.TestPlatform.Extensions.BlameDataCollector.dll
TpTrace Error: 0 : 19436, 1, 2022/01/06, 22:05:50.331, 11344019851436, datacollector.dll, The type "Microsoft.TestPlatform.Extensions.BlameDataCollector.BlameCollector" defined in "Microsoft.TestPlatform.Extensions.BlameDataCollector.dll" does not have ExtensionUri attribute.
TpTrace Information: 0 : 19436, 1, 2022/01/06, 22:05:50.333, 11344019871969, datacollector.dll, AssemblyResolver.OnResolve: Microsoft.TestPlatform.Extensions.EventLogCollector: Resolving assembly.
TpTrace Information: 0 : 19436, 1, 2022/01/06, 22:05:50.333, 11344019873490, datacollector.dll, AssemblyResolver.OnResolve: Microsoft.TestPlatform.Extensions.EventLogCollector: Searching in: 'C:\Program Files\dotnet\sdk\6.0.100\Extensions'.
TpTrace Information: 0 : 19436, 1, 2022/01/06, 22:05:50.334, 11344019883353, datacollector.dll, AssemblyResolver.OnResolve: Microsoft.TestPlatform.Extensions.EventLogCollector: Loading assembly 'C:\Program Files\dotnet\sdk\6.0.100\Extensions\Microsoft.TestPlatform.Extensions.EventLogCollector.dll'.
TpTrace Information: 0 : 19436, 1, 2022/01/06, 22:05:50.335, 11344019893537, datacollector.dll, AssemblyResolver.OnResolve: Resolved assembly: Microsoft.TestPlatform.Extensions.EventLogCollector, from path: C:\Program Files\dotnet\sdk\6.0.100\Extensions\Microsoft.TestPlatform.Extensions.EventLogCollector.dll
TpTrace Error: 0 : 19436, 1, 2022/01/06, 22:05:50.339, 11344019931519, datacollector.dll, The type "Microsoft.TestPlatform.Extensions.EventLogCollector.EventLogDataCollector" defined in "Microsoft.TestPlatform.Extensions.EventLogCollector.dll" does not have ExtensionUri attribute.
TpTrace Verbose: 0 : 19436, 1, 2022/01/06, 22:05:50.340, 11344019938391, datacollector.dll, TestPluginCache: Discovered the extensions using extension path 'C:\Program Files\dotnet\sdk\6.0.100\Extensions\Microsoft.TestPlatform.Extensions.BlameDataCollector.dll,C:\Program Files\dotnet\sdk\6.0.100\Extensions\Microsoft.TestPlatform.Extensions.EventLogCollector.dll'.
TpTrace Verbose: 0 : 19436, 1, 2022/01/06, 22:05:50.340, 11344019939781, datacollector.dll, TestPluginCache: Discoverers are ''.
TpTrace Verbose: 0 : 19436, 1, 2022/01/06, 22:05:50.340, 11344019940625, datacollector.dll, TestPluginCache: Executors are ''.
TpTrace Verbose: 0 : 19436, 1, 2022/01/06, 22:05:50.340, 11344019941292, datacollector.dll, TestPluginCache: Executors2 are ''.
TpTrace Verbose: 0 : 19436, 1, 2022/01/06, 22:05:50.340, 11344019941925, datacollector.dll, TestPluginCache: Setting providers are ''.
TpTrace Verbose: 0 : 19436, 1, 2022/01/06, 22:05:50.340, 11344019942547, datacollector.dll, TestPluginCache: Loggers are ''.
TpTrace Information: 0 : 19436, 1, 2022/01/06, 22:05:50.343, 11344019968750, datacollector.dll, TestPluginManager.CreateTestExtension: Attempting to load test extension: Microsoft.TestPlatform.Extensions.BlameDataCollector.BlameCollector
TpTrace Error: 0 : 19436, 1, 2022/01/06, 22:05:50.343, 11344019974651, datacollector.dll, The type "Microsoft.TestPlatform.Extensions.BlameDataCollector.BlameCollector" defined in "Microsoft.TestPlatform.Extensions.BlameDataCollector.dll" does not have ExtensionUri attribute.
TpTrace Information: 0 : 19436, 1, 2022/01/06, 22:05:50.353, 11344020071690, datacollector.dll, Listening on Endpoint : 127.0.0.1:51403
TpTrace Information: 0 : 19436, 1, 2022/01/06, 22:05:50.359, 11344020136935, datacollector.dll, DataCollectionRequestHandler.ProcessRequests : DataCollection started.
TpTrace Information: 0 : 19436, 1, 2022/01/06, 22:05:50.373, 11344020276869, datacollector.dll, DataCollectionRequestHandler.ProcessRequests : Datacollector received message: (DataCollection.TestHostLaunched) -> {
  "ProcessId": 4780
}
TpTrace Information: 0 : 19436, 5, 2022/01/06, 22:05:50.551, 11344022049651, datacollector.dll, Using the buffer size of 16384 bytes
TpTrace Information: 0 : 19436, 5, 2022/01/06, 22:05:50.551, 11344022050686, datacollector.dll, Accepted Client request and set the flag
TpTrace Information: 0 : 19436, 8, 2022/01/06, 22:05:52.888, 11344045427314, datacollector.dll, DataCollectionTestCaseEventHandler: Test case starting.
TpTrace Information: 0 : 19436, 8, 2022/01/06, 22:05:52.899, 11344045534050, datacollector.dll, Blame Collector : Test Case Start
TpTrace Information: 0 : 19436, 8, 2022/01/06, 22:05:52.899, 11344045537475, datacollector.dll, DataCollectionTestCaseEventHandler: Test case 'IrisAPI.IrisControllerTests.GivenIrisDataThenPostMethodShouldReturnTheExpectedCategory - cf6acce0-4598-362a-a1c2-e32cdd733635' started.
TpTrace Information: 0 : 19436, 8, 2022/01/06, 22:05:53.192, 11344048461585, datacollector.dll, DataCollectionTestCaseEventHandler : Test case completing.
TpTrace Information: 0 : 19436, 8, 2022/01/06, 22:05:53.196, 11344048507918, datacollector.dll, Blame Collector : Test Case End
TpTrace Information: 0 : 19436, 8, 2022/01/06, 22:05:53.200, 11344048540710, datacollector.dll, DataCollectionTestCaseEventHandler: Test case 'IrisAPI.IrisControllerTests.GivenIrisDataThenPostMethodShouldReturnTheExpectedCategory - cf6acce0-4598-362a-a1c2-e32cdd733635' completed
TpTrace Information: 0 : 19436, 8, 2022/01/06, 22:05:53.222, 11344048766593, datacollector.dll, DataCollectionTestCaseEventHandler: Test session ended
TpTrace Information: 0 : 19436, 1, 2022/01/06, 22:05:53.291, 11344049453133, datacollector.dll, DataCollectionRequestHandler.ProcessRequests : Datacollector received message: (DataCollection.AfterTestRunEnd) -> false
TpTrace Information: 0 : 19436, 1, 2022/01/06, 22:05:53.292, 11344049462112, datacollector.dll, Blame Collector : Session End
TpTrace Information: 0 : 19436, 1, 2022/01/06, 22:05:53.292, 11344049463100, datacollector.dll, BlameCollector.CollectDumpAndAbortTesthost: Custom path to dump directory was provided via VSTEST_DUMP_PATH. Skipping attachment upload, the caller is responsible for collecting and uploading the dumps themselves.
TpTrace Information: 0 : 19436, 1, 2022/01/06, 22:05:53.292, 11344049464711, datacollector.dll, DataCollectionManager.CleanupPlugins: CleanupPlugins called
TpTrace Verbose: 0 : 19436, 1, 2022/01/06, 22:05:53.292, 11344049465660, datacollector.dll, DataCollectionManager.CleanupPlugins: Cleaning up 1 plugins
TpTrace Verbose: 0 : 19436, 1, 2022/01/06, 22:05:53.292, 11344049467022, datacollector.dll, dataCollectorInfo.DisposeDataCollector: calling Dispose() on Microsoft.TestPlatform.Extensions.BlameDataCollector.BlameCollector
TpTrace Information: 0 : 19436, 1, 2022/01/06, 22:05:53.292, 11344049467943, datacollector.dll, DataCollectionManager.CleanupPlugins: CleanupPlugins finished
TpTrace Information: 0 : 19436, 1, 2022/01/06, 22:05:53.296, 11344049503885, datacollector.dll, DataCollectionRequestHandler.ProcessRequests : Session End message received from server. Closing the connection.
TpTrace Information: 0 : 19436, 1, 2022/01/06, 22:05:53.296, 11344049506613, datacollector.dll, Closing the connection !
TpTrace Information: 0 : 19436, 1, 2022/01/06, 22:05:53.296, 11344049507184, datacollector.dll, DataCollectionRequestHandler.ProcessRequests : DataCollection completed
TpTrace Information: 0 : 19436, 1, 2022/01/06, 22:05:53.296, 11344049507672, datacollector.dll, Program.Main: exiting datacollector process.
