TpTrace Information: 0 : 4780, 1, 2022/01/06, 22:05:50.510, 11344021667301, testhost.dll, DefaultEngineInvoker.Invoke: Testhost process started with args :[--port, 51404],[--endpoint, 127.0.0.1:051404],[--role, client],[--parentprocessid, 25124],[--diag, C:\Users\prico\Desktop\Classification-of-IrisFlower-Project\IrisAPI\bin\Debug\net5.0\fine-code-coverage\coverage-tool-output\diagnostics.host.22-01-06_22-05-50_36759_5.log],[--tracelevel, 4],[--datacollectionport, 51403],[--telemetryoptedin, false]
TpTrace Information: 0 : 4780, 1, 2022/01/06, 22:05:50.515, 11344021696536, testhost.dll, Setting up debug trace listener.
TpTrace Verbose: 0 : 4780, 1, 2022/01/06, 22:05:50.517, 11344021709391, testhost.dll, TestPlatformTraceListener.Setup: Replacing listener 0 with TestHostTraceListener.
TpTrace Verbose: 0 : 4780, 1, 2022/01/06, 22:05:50.517, 11344021709854, testhost.dll, TestPlatformTraceListener.Setup: Added test platform trace listener.
TpTrace Information: 0 : 4780, 1, 2022/01/06, 22:05:50.517, 11344021714790, testhost.dll, DefaultEngineInvoker.SetParentProcessExitCallback: Monitoring parent process with id: '25124'
TpTrace Information: 0 : 4780, 1, 2022/01/06, 22:05:50.522, 11344021766098, testhost.dll, DefaultEngineInvoker.GetConnectionInfo: Initialize communication on endpoint address: '127.0.0.1:051404'
TpTrace Information: 0 : 4780, 1, 2022/01/06, 22:05:50.536, 11344021901046, testhost.dll, SocketClient.Start: connecting to server endpoint: 127.0.0.1:051404
TpTrace Information: 0 : 4780, 1, 2022/01/06, 22:05:50.544, 11344021986468, testhost.dll, DefaultEngineInvoker.ConnectToDatacollector: Connecting to datacollector, port: 51403
TpTrace Information: 0 : 4780, 8, 2022/01/06, 22:05:50.545, 11344021994731, testhost.dll, SocketClient.OnServerConnected: connected to server endpoint: 127.0.0.1:051404
TpTrace Verbose: 0 : 4780, 8, 2022/01/06, 22:05:50.547, 11344022013870, testhost.dll, Connected to server, and starting MessageLoopAsync
TpTrace Information: 0 : 4780, 1, 2022/01/06, 22:05:50.548, 11344022019562, testhost.dll, Trying to connect to server on socket : 127.0.0.1:51403 
TpTrace Verbose: 0 : 4780, 1, 2022/01/06, 22:05:50.548, 11344022022470, testhost.dll, SocketCommunicationManager : SetupClientAsync : Attempting to connect to the server.
TpTrace Information: 0 : 4780, 9, 2022/01/06, 22:05:50.549, 11344022036532, testhost.dll, Connected to the server successfully 
TpTrace Information: 0 : 4780, 9, 2022/01/06, 22:05:50.549, 11344022037471, testhost.dll, Using the buffer size of 16384 bytes
TpTrace Verbose: 0 : 4780, 8, 2022/01/06, 22:05:50.550, 11344022040063, testhost.dll, TcpClientExtensions.MessageLoopAsync: Polling on remoteEndPoint: [::ffff:127.0.0.1]:51404 localEndPoint: [::ffff:127.0.0.1]:51405
TpTrace Information: 0 : 4780, 1, 2022/01/06, 22:05:50.550, 11344022042869, testhost.dll, DefaultEngineInvoker.Invoke: Start Request Processing.
TpTrace Verbose: 0 : 4780, 8, 2022/01/06, 22:05:50.550, 11344022043508, testhost.dll, TcpClientExtensions.MessageLoopAsync: NotifyDataAvailable remoteEndPoint: [::ffff:127.0.0.1]:51404 localEndPoint: [::ffff:127.0.0.1]:51405
TpTrace Information: 0 : 4780, 11, 2022/01/06, 22:05:50.551, 11344022051223, testhost.dll, DefaultEngineInvoker.StartProcessingAsync: Connected to vstest.console, Starting process requests.
TpTrace Information: 0 : 4780, 8, 2022/01/06, 22:05:50.654, 11344023078565, testhost.dll, TestRequestHandler.ProcessRequests: received message: (ProtocolVersion) -> 5
TpTrace Verbose: 0 : 4780, 8, 2022/01/06, 22:05:50.678, 11344023325378, testhost.dll, TestRequestHandler.SendData:  sending data from testhost: {"Version":3,"MessageType":"TestSession.Message","Payload":{"MessageLevel":0,"Message":"Logging TestHost Diagnostics in file: C:\\Users\\prico\\Desktop\\Classification-of-IrisFlower-Project\\IrisAPI\\bin\\Debug\\net5.0\\fine-code-coverage\\coverage-tool-output\\diagnostics.host.22-01-06_22-05-50_36759_5.log"}}
TpTrace Verbose: 0 : 4780, 8, 2022/01/06, 22:05:50.678, 11344023327091, testhost.dll, TcpClientExtensions.MessageLoopAsync: Polling on remoteEndPoint: [::ffff:127.0.0.1]:51404 localEndPoint: [::ffff:127.0.0.1]:51405
TpTrace Verbose: 0 : 4780, 8, 2022/01/06, 22:05:50.678, 11344023328250, testhost.dll, TcpClientExtensions.MessageLoopAsync: NotifyDataAvailable remoteEndPoint: [::ffff:127.0.0.1]:51404 localEndPoint: [::ffff:127.0.0.1]:51405
TpTrace Information: 0 : 4780, 8, 2022/01/06, 22:05:50.685, 11344023393676, testhost.dll, TestRequestHandler.ProcessRequests: received message: (TestExecution.Initialize) -> [
  "C:\\Users\\prico\\Desktop\\Classification-of-IrisFlower-Project\\IrisAPI\\bin\\Debug\\net5.0\\fine-code-coverage\\build-output\\xunit.runner.visualstudio.dotnetcore.testadapter.dll"
]
TpTrace Information: 0 : 4780, 8, 2022/01/06, 22:05:50.685, 11344023396001, testhost.dll, Execution Session Initialize.
TpTrace Verbose: 0 : 4780, 8, 2022/01/06, 22:05:50.700, 11344023538923, testhost.dll, TcpClientExtensions.MessageLoopAsync: Polling on remoteEndPoint: [::ffff:127.0.0.1]:51404 localEndPoint: [::ffff:127.0.0.1]:51405
TpTrace Verbose: 0 : 4780, 8, 2022/01/06, 22:05:50.700, 11344023540716, testhost.dll, TcpClientExtensions.MessageLoopAsync: NotifyDataAvailable remoteEndPoint: [::ffff:127.0.0.1]:51404 localEndPoint: [::ffff:127.0.0.1]:51405
TpTrace Verbose: 0 : 4780, 4, 2022/01/06, 22:05:50.704, 11344023588145, testhost.dll, TestExecutorService: Loading the extensions
TpTrace Information: 0 : 4780, 8, 2022/01/06, 22:05:50.706, 11344023604235, testhost.dll, TestRequestHandler.ProcessRequests: received message: (TestExecution.StartWithSources) -> {
  "AdapterSourceMap": {
    "_none_": [
      "C:\\Users\\prico\\Desktop\\Classification-of-IrisFlower-Project\\IrisAPI\\bin\\Debug\\net5.0\\fine-code-coverage\\build-output\\IrisAPI.dll"
    ]
  },
  "RunSettings": "<RunSettings>\r\n  <RunConfiguration>\r\n    <ResultsDirectory>C:\\Users\\prico\\Desktop\\Classification-of-IrisFlower-Project\\IrisAPI\\bin\\Debug\\net5.0\\fine-code-coverage\\coverage-tool-output</ResultsDirectory>\r\n    <TargetPlatform>X64</TargetPlatform>\r\n    <TargetFrameworkVersion>.NETCoreApp,Version=v5.0</TargetFrameworkVersion>\r\n    <DesignMode>False</DesignMode>\r\n    <CollectSourceInformation>False</CollectSourceInformation>\r\n  </RunConfiguration>\r\n  <LoggerRunSettings>\r\n    <Loggers>\r\n      <Logger friendlyName=\"blame\" enabled=\"True\" />\r\n      <Logger friendlyName=\"Console\" uri=\"logger://microsoft/TestPlatform/ConsoleLogger/v1\" assemblyQualifiedName=\"Microsoft.VisualStudio.TestPlatform.CommandLine.Internal.ConsoleLogger, vstest.console, Version=15.0.0.0, Culture=neutral, PublicKeyToken=b03f5f7f11d50a3a\" codeBase=\"C:\\Program Files\\dotnet\\sdk\\6.0.100\\vstest.console.dll\" enabled=\"True\" />\r\n    </Loggers>\r\n  </LoggerRunSettings>\r\n  <DataCollectionRunSettings>\r\n    <DataCollectors>\r\n      <DataCollector friendlyName=\"blame\" enabled=\"True\">\r\n        <Configuration>\r\n          <ResultsDirectory>C:\\Users\\prico\\Desktop\\Classification-of-IrisFlower-Project\\IrisAPI\\bin\\Debug\\net5.0\\fine-code-coverage\\coverage-tool-output</ResultsDirectory>\r\n        </Configuration>\r\n      </DataCollector>\r\n    </DataCollectors>\r\n  </DataCollectionRunSettings>\r\n</RunSettings>",
  "TestExecutionContext": {
    "FrequencyOfRunStatsChangeEvent": 10,
    "RunStatsChangeEventTimeout": "00:00:01.5000000",
    "InIsolation": false,
    "KeepAlive": false,
    "AreTestCaseLevelEventsRequired": false,
    "IsDebug": false,
    "TestCaseFilter": null,
    "FilterOptions": null
  },
  "Package": null
}
TpTrace Information: 0 : 4780, 8, 2022/01/06, 22:05:50.706, 11344023606696, testhost.dll, Execution started.
TpTrace Verbose: 0 : 4780, 4, 2022/01/06, 22:05:50.709, 11344023630539, testhost.dll, TestPluginCache.DiscoverTestExtensions: finding test extensions in assemblies ends with: TestAdapter.dll TPluginInfo: Microsoft.VisualStudio.TestPlatform.Common.ExtensionFramework.Utilities.TestExecutorPluginInformation TExtension: Microsoft.VisualStudio.TestPlatform.ObjectModel.Adapter.ITestExecutor
TpTrace Verbose: 0 : 4780, 4, 2022/01/06, 22:05:50.711, 11344023655928, testhost.dll, TestPluginCache.GetExtensionPaths: Filtered extension paths: 
TpTrace Verbose: 0 : 4780, 4, 2022/01/06, 22:05:50.712, 11344023664922, testhost.dll, TestPluginCache.GetExtensionPaths: Added default extension paths: C:\Users\prico\Desktop\Classification-of-IrisFlower-Project\IrisAPI\bin\Debug\net5.0\fine-code-coverage\build-output\xunit.runner.visualstudio.dotnetcore.testadapter.dll
TpTrace Verbose: 0 : 4780, 4, 2022/01/06, 22:05:50.712, 11344023666118, testhost.dll, TestPluginCache.GetExtensionPaths: Added unfilterableExtensionPaths: 
TpTrace Information: 0 : 4780, 4, 2022/01/06, 22:05:50.717, 11344023714101, testhost.dll, AssemblyResolver.ctor: Creating AssemblyResolver with searchDirectories C:\Users\prico\Desktop\Classification-of-IrisFlower-Project\IrisAPI\bin\Debug\net5.0\fine-code-coverage\build-output
TpTrace Verbose: 0 : 4780, 4, 2022/01/06, 22:05:50.720, 11344023746314, testhost.dll, TestPluginCache.DiscoverTestExtensions: Discovering the extensions using extension path.
TpTrace Verbose: 0 : 4780, 4, 2022/01/06, 22:05:50.721, 11344023748737, testhost.dll, TestPluginCache.GetExtensionPaths: Filtered extension paths: 
TpTrace Verbose: 0 : 4780, 4, 2022/01/06, 22:05:50.721, 11344023749673, testhost.dll, TestPluginCache.GetExtensionPaths: Added default extension paths: C:\Users\prico\Desktop\Classification-of-IrisFlower-Project\IrisAPI\bin\Debug\net5.0\fine-code-coverage\build-output\xunit.runner.visualstudio.dotnetcore.testadapter.dll
TpTrace Verbose: 0 : 4780, 4, 2022/01/06, 22:05:50.721, 11344023750460, testhost.dll, TestPluginCache.GetExtensionPaths: Added unfilterableExtensionPaths: 
TpTrace Verbose: 0 : 4780, 4, 2022/01/06, 22:05:50.721, 11344023751732, testhost.dll, TestPluginCache.DiscoverTestExtensions: Discovering the extensions using allExtensionPaths: C:\Users\prico\Desktop\Classification-of-IrisFlower-Project\IrisAPI\bin\Debug\net5.0\fine-code-coverage\build-output\xunit.runner.visualstudio.dotnetcore.testadapter.dll
TpTrace Information: 0 : 4780, 4, 2022/01/06, 22:05:50.723, 11344023770911, testhost.dll, AssemblyResolver.AddSearchDirectories: Adding more searchDirectories C:\Users\prico\Desktop\Classification-of-IrisFlower-Project\IrisAPI\bin\Debug\net5.0\fine-code-coverage\build-output
TpTrace Information: 0 : 4780, 4, 2022/01/06, 22:05:50.734, 11344023884363, testhost.dll, AssemblyResolver.OnResolve: xunit.runner.visualstudio.dotnetcore.testadapter: Resolving assembly.
TpTrace Information: 0 : 4780, 4, 2022/01/06, 22:05:50.737, 11344023914670, testhost.dll, AssemblyResolver.OnResolve: Resolved assembly: xunit.runner.visualstudio.dotnetcore.testadapter, from path: C:\Users\prico\Desktop\Classification-of-IrisFlower-Project\IrisAPI\bin\Debug\net5.0\fine-code-coverage\build-output\xunit.runner.visualstudio.dotnetcore.testadapter.dll
TpTrace Information: 0 : 4780, 4, 2022/01/06, 22:05:50.741, 11344023956662, testhost.dll, AssemblyResolver.OnResolve: xunit.runner.utility.netcoreapp10: Resolving assembly.
TpTrace Information: 0 : 4780, 4, 2022/01/06, 22:05:50.743, 11344023971076, testhost.dll, AssemblyResolver.OnResolve: Resolved assembly: xunit.runner.utility.netcoreapp10, from path: C:\Users\prico\Desktop\Classification-of-IrisFlower-Project\IrisAPI\bin\Debug\net5.0\fine-code-coverage\build-output\xunit.runner.utility.netcoreapp10.dll
TpTrace Verbose: 0 : 4780, 4, 2022/01/06, 22:05:50.749, 11344024034074, testhost.dll, TestPluginCache: Discovered the extensions using extension path ''.
TpTrace Verbose: 0 : 4780, 4, 2022/01/06, 22:05:50.750, 11344024038781, testhost.dll, TestPluginCache: Discoverers are ''.
TpTrace Verbose: 0 : 4780, 4, 2022/01/06, 22:05:50.750, 11344024039517, testhost.dll, TestPluginCache: Executors are 'executor://xunit/VsTestRunner2/netcoreapp'.
TpTrace Verbose: 0 : 4780, 4, 2022/01/06, 22:05:50.750, 11344024040204, testhost.dll, TestPluginCache: Executors2 are ''.
TpTrace Verbose: 0 : 4780, 4, 2022/01/06, 22:05:50.750, 11344024040930, testhost.dll, TestPluginCache: Setting providers are ''.
TpTrace Verbose: 0 : 4780, 4, 2022/01/06, 22:05:50.750, 11344024041567, testhost.dll, TestPluginCache: Loggers are ''.
TpTrace Verbose: 0 : 4780, 4, 2022/01/06, 22:05:50.753, 11344024069512, testhost.dll, TestPluginCache.DiscoverTestExtensions: finding test extensions in assemblies ends with: TestAdapter.dll TPluginInfo: Microsoft.VisualStudio.TestPlatform.Common.ExtensionFramework.Utilities.TestExecutorPluginInformation2 TExtension: Microsoft.VisualStudio.TestPlatform.ObjectModel.Adapter.ITestExecutor2
TpTrace Verbose: 0 : 4780, 4, 2022/01/06, 22:05:50.753, 11344024072417, testhost.dll, TestPluginCache.GetExtensionPaths: Filtered extension paths: 
TpTrace Verbose: 0 : 4780, 4, 2022/01/06, 22:05:50.753, 11344024072972, testhost.dll, TestPluginCache.GetExtensionPaths: Added default extension paths: C:\Users\prico\Desktop\Classification-of-IrisFlower-Project\IrisAPI\bin\Debug\net5.0\fine-code-coverage\build-output\xunit.runner.visualstudio.dotnetcore.testadapter.dll
TpTrace Verbose: 0 : 4780, 4, 2022/01/06, 22:05:50.753, 11344024073309, testhost.dll, TestPluginCache.GetExtensionPaths: Added unfilterableExtensionPaths: 
TpTrace Information: 0 : 4780, 4, 2022/01/06, 22:05:50.753, 11344024074739, testhost.dll, AssemblyResolver.AddSearchDirectories: Adding more searchDirectories C:\Users\prico\Desktop\Classification-of-IrisFlower-Project\IrisAPI\bin\Debug\net5.0\fine-code-coverage\build-output
TpTrace Verbose: 0 : 4780, 4, 2022/01/06, 22:05:50.753, 11344024075256, testhost.dll, TestPluginCache.DiscoverTestExtensions: Discovering the extensions using extension path.
TpTrace Verbose: 0 : 4780, 4, 2022/01/06, 22:05:50.753, 11344024075586, testhost.dll, TestPluginCache.GetExtensionPaths: Filtered extension paths: 
TpTrace Verbose: 0 : 4780, 4, 2022/01/06, 22:05:50.753, 11344024075889, testhost.dll, TestPluginCache.GetExtensionPaths: Added default extension paths: C:\Users\prico\Desktop\Classification-of-IrisFlower-Project\IrisAPI\bin\Debug\net5.0\fine-code-coverage\build-output\xunit.runner.visualstudio.dotnetcore.testadapter.dll
TpTrace Verbose: 0 : 4780, 8, 2022/01/06, 22:05:50.753, 11344024076102, testhost.dll, TcpClientExtensions.MessageLoopAsync: Polling on remoteEndPoint: [::ffff:127.0.0.1]:51404 localEndPoint: [::ffff:127.0.0.1]:51405
TpTrace Verbose: 0 : 4780, 4, 2022/01/06, 22:05:50.753, 11344024076187, testhost.dll, TestPluginCache.GetExtensionPaths: Added unfilterableExtensionPaths: 
TpTrace Verbose: 0 : 4780, 4, 2022/01/06, 22:05:50.753, 11344024077601, testhost.dll, TestPluginCache.DiscoverTestExtensions: Discovering the extensions using allExtensionPaths: C:\Users\prico\Desktop\Classification-of-IrisFlower-Project\IrisAPI\bin\Debug\net5.0\fine-code-coverage\build-output\xunit.runner.visualstudio.dotnetcore.testadapter.dll
TpTrace Information: 0 : 4780, 4, 2022/01/06, 22:05:50.753, 11344024078144, testhost.dll, AssemblyResolver.AddSearchDirectories: Adding more searchDirectories C:\Users\prico\Desktop\Classification-of-IrisFlower-Project\IrisAPI\bin\Debug\net5.0\fine-code-coverage\build-output
TpTrace Verbose: 0 : 4780, 4, 2022/01/06, 22:05:50.754, 11344024080462, testhost.dll, TestPluginCache: Discovered the extensions using extension path ''.
TpTrace Verbose: 0 : 4780, 4, 2022/01/06, 22:05:50.754, 11344024080894, testhost.dll, TestPluginCache: Discoverers are ''.
TpTrace Verbose: 0 : 4780, 4, 2022/01/06, 22:05:50.754, 11344024081334, testhost.dll, TestPluginCache: Executors are 'executor://xunit/VsTestRunner2/netcoreapp'.
TpTrace Verbose: 0 : 4780, 4, 2022/01/06, 22:05:50.754, 11344024082008, testhost.dll, TestPluginCache: Executors2 are ''.
TpTrace Verbose: 0 : 4780, 4, 2022/01/06, 22:05:50.754, 11344024082369, testhost.dll, TestPluginCache: Setting providers are ''.
TpTrace Verbose: 0 : 4780, 4, 2022/01/06, 22:05:50.754, 11344024082653, testhost.dll, TestPluginCache: Loggers are ''.
TpTrace Information: 0 : 4780, 4, 2022/01/06, 22:05:50.759, 11344024133301, testhost.dll, TestPluginManager.CreateTestExtension: Attempting to load test extension: Xunit.Runner.VisualStudio.VsTestRunner
TpTrace Verbose: 0 : 4780, 4, 2022/01/06, 22:05:50.759, 11344024134755, testhost.dll, TestExecutorExtensionManager: Loading executor Xunit.Runner.VisualStudio.VsTestRunner
TpTrace Verbose: 0 : 4780, 4, 2022/01/06, 22:05:50.760, 11344024139174, testhost.dll, TestExecutorService: Loaded the executors
TpTrace Verbose: 0 : 4780, 4, 2022/01/06, 22:05:50.760, 11344024146318, testhost.dll, TestPluginCache.DiscoverTestExtensions: finding test extensions in assemblies ends with: TestAdapter.dll TPluginInfo: Microsoft.VisualStudio.TestPlatform.Common.ExtensionFramework.Utilities.TestSettingsProviderPluginInformation TExtension: Microsoft.VisualStudio.TestPlatform.ObjectModel.Adapter.ISettingsProvider
TpTrace Verbose: 0 : 4780, 4, 2022/01/06, 22:05:50.760, 11344024147111, testhost.dll, TestPluginCache.GetExtensionPaths: Filtered extension paths: 
TpTrace Verbose: 0 : 4780, 4, 2022/01/06, 22:05:50.760, 11344024147442, testhost.dll, TestPluginCache.GetExtensionPaths: Added default extension paths: C:\Users\prico\Desktop\Classification-of-IrisFlower-Project\IrisAPI\bin\Debug\net5.0\fine-code-coverage\build-output\xunit.runner.visualstudio.dotnetcore.testadapter.dll
TpTrace Verbose: 0 : 4780, 4, 2022/01/06, 22:05:50.760, 11344024147687, testhost.dll, TestPluginCache.GetExtensionPaths: Added unfilterableExtensionPaths: 
TpTrace Information: 0 : 4780, 4, 2022/01/06, 22:05:50.761, 11344024148613, testhost.dll, AssemblyResolver.AddSearchDirectories: Adding more searchDirectories C:\Users\prico\Desktop\Classification-of-IrisFlower-Project\IrisAPI\bin\Debug\net5.0\fine-code-coverage\build-output
TpTrace Verbose: 0 : 4780, 4, 2022/01/06, 22:05:50.761, 11344024148964, testhost.dll, TestPluginCache.DiscoverTestExtensions: Discovering the extensions using extension path.
TpTrace Verbose: 0 : 4780, 4, 2022/01/06, 22:05:50.761, 11344024149215, testhost.dll, TestPluginCache.GetExtensionPaths: Filtered extension paths: 
TpTrace Verbose: 0 : 4780, 4, 2022/01/06, 22:05:50.761, 11344024149442, testhost.dll, TestPluginCache.GetExtensionPaths: Added default extension paths: C:\Users\prico\Desktop\Classification-of-IrisFlower-Project\IrisAPI\bin\Debug\net5.0\fine-code-coverage\build-output\xunit.runner.visualstudio.dotnetcore.testadapter.dll
TpTrace Verbose: 0 : 4780, 4, 2022/01/06, 22:05:50.761, 11344024149717, testhost.dll, TestPluginCache.GetExtensionPaths: Added unfilterableExtensionPaths: 
TpTrace Verbose: 0 : 4780, 4, 2022/01/06, 22:05:50.761, 11344024149965, testhost.dll, TestPluginCache.DiscoverTestExtensions: Discovering the extensions using allExtensionPaths: C:\Users\prico\Desktop\Classification-of-IrisFlower-Project\IrisAPI\bin\Debug\net5.0\fine-code-coverage\build-output\xunit.runner.visualstudio.dotnetcore.testadapter.dll
TpTrace Information: 0 : 4780, 4, 2022/01/06, 22:05:50.761, 11344024150290, testhost.dll, AssemblyResolver.AddSearchDirectories: Adding more searchDirectories C:\Users\prico\Desktop\Classification-of-IrisFlower-Project\IrisAPI\bin\Debug\net5.0\fine-code-coverage\build-output
TpTrace Verbose: 0 : 4780, 4, 2022/01/06, 22:05:50.761, 11344024151845, testhost.dll, TestPluginCache: Discovered the extensions using extension path ''.
TpTrace Verbose: 0 : 4780, 4, 2022/01/06, 22:05:50.761, 11344024152162, testhost.dll, TestPluginCache: Discoverers are ''.
TpTrace Verbose: 0 : 4780, 4, 2022/01/06, 22:05:50.761, 11344024152407, testhost.dll, TestPluginCache: Executors are 'executor://xunit/VsTestRunner2/netcoreapp'.
TpTrace Verbose: 0 : 4780, 4, 2022/01/06, 22:05:50.761, 11344024152635, testhost.dll, TestPluginCache: Executors2 are ''.
TpTrace Verbose: 0 : 4780, 4, 2022/01/06, 22:05:50.761, 11344024152936, testhost.dll, TestPluginCache: Setting providers are ''.
TpTrace Verbose: 0 : 4780, 4, 2022/01/06, 22:05:50.761, 11344024153172, testhost.dll, TestPluginCache: Loggers are ''.
TpTrace Verbose: 0 : 4780, 4, 2022/01/06, 22:05:50.762, 11344024160009, testhost.dll, TestExecutorService: Loaded the settings providers
TpTrace Information: 0 : 4780, 4, 2022/01/06, 22:05:50.762, 11344024160454, testhost.dll, TestExecutorService: Loaded the extensions
TpTrace Information: 0 : 4780, 4, 2022/01/06, 22:05:50.826, 11344024801112, testhost.dll, TestDiscoveryManager: Discovering tests from sources C:\Users\prico\Desktop\Classification-of-IrisFlower-Project\IrisAPI\bin\Debug\net5.0\fine-code-coverage\build-output\IrisAPI.dll
TpTrace Verbose: 0 : 4780, 4, 2022/01/06, 22:05:50.827, 11344024816669, testhost.dll, TestPluginCache.DiscoverTestExtensions: finding test extensions in assemblies ends with: TestAdapter.dll TPluginInfo: Microsoft.VisualStudio.TestPlatform.Common.ExtensionFramework.Utilities.TestDiscovererPluginInformation TExtension: Microsoft.VisualStudio.TestPlatform.ObjectModel.Adapter.ITestDiscoverer
TpTrace Verbose: 0 : 4780, 4, 2022/01/06, 22:05:50.827, 11344024817540, testhost.dll, TestPluginCache.GetExtensionPaths: Filtered extension paths: 
TpTrace Verbose: 0 : 4780, 4, 2022/01/06, 22:05:50.827, 11344024817870, testhost.dll, TestPluginCache.GetExtensionPaths: Added default extension paths: C:\Users\prico\Desktop\Classification-of-IrisFlower-Project\IrisAPI\bin\Debug\net5.0\fine-code-coverage\build-output\xunit.runner.visualstudio.dotnetcore.testadapter.dll
TpTrace Verbose: 0 : 4780, 4, 2022/01/06, 22:05:50.827, 11344024818123, testhost.dll, TestPluginCache.GetExtensionPaths: Added unfilterableExtensionPaths: 
TpTrace Information: 0 : 4780, 4, 2022/01/06, 22:05:50.828, 11344024818943, testhost.dll, AssemblyResolver.AddSearchDirectories: Adding more searchDirectories C:\Users\prico\Desktop\Classification-of-IrisFlower-Project\IrisAPI\bin\Debug\net5.0\fine-code-coverage\build-output
TpTrace Verbose: 0 : 4780, 4, 2022/01/06, 22:05:50.828, 11344024819266, testhost.dll, TestPluginCache.DiscoverTestExtensions: Discovering the extensions using extension path.
TpTrace Verbose: 0 : 4780, 4, 2022/01/06, 22:05:50.828, 11344024819509, testhost.dll, TestPluginCache.GetExtensionPaths: Filtered extension paths: 
TpTrace Verbose: 0 : 4780, 4, 2022/01/06, 22:05:50.828, 11344024819733, testhost.dll, TestPluginCache.GetExtensionPaths: Added default extension paths: C:\Users\prico\Desktop\Classification-of-IrisFlower-Project\IrisAPI\bin\Debug\net5.0\fine-code-coverage\build-output\xunit.runner.visualstudio.dotnetcore.testadapter.dll
TpTrace Verbose: 0 : 4780, 4, 2022/01/06, 22:05:50.828, 11344024819999, testhost.dll, TestPluginCache.GetExtensionPaths: Added unfilterableExtensionPaths: 
TpTrace Verbose: 0 : 4780, 4, 2022/01/06, 22:05:50.828, 11344024820260, testhost.dll, TestPluginCache.DiscoverTestExtensions: Discovering the extensions using allExtensionPaths: C:\Users\prico\Desktop\Classification-of-IrisFlower-Project\IrisAPI\bin\Debug\net5.0\fine-code-coverage\build-output\xunit.runner.visualstudio.dotnetcore.testadapter.dll
TpTrace Information: 0 : 4780, 4, 2022/01/06, 22:05:50.828, 11344024820584, testhost.dll, AssemblyResolver.AddSearchDirectories: Adding more searchDirectories C:\Users\prico\Desktop\Classification-of-IrisFlower-Project\IrisAPI\bin\Debug\net5.0\fine-code-coverage\build-output
TpTrace Verbose: 0 : 4780, 4, 2022/01/06, 22:05:50.829, 11344024837678, testhost.dll, TestPluginCache: Discovered the extensions using extension path ''.
TpTrace Verbose: 0 : 4780, 4, 2022/01/06, 22:05:50.829, 11344024838184, testhost.dll, TestPluginCache: Discoverers are 'Xunit.Runner.VisualStudio.VsTestRunner, xunit.runner.visualstudio.dotnetcore.testadapter, Version=2.4.0.0, Culture=neutral, PublicKeyToken=8d05b1bb7a6fdb6c'.
TpTrace Verbose: 0 : 4780, 4, 2022/01/06, 22:05:50.830, 11344024838468, testhost.dll, TestPluginCache: Executors are 'executor://xunit/VsTestRunner2/netcoreapp'.
TpTrace Verbose: 0 : 4780, 4, 2022/01/06, 22:05:50.830, 11344024838708, testhost.dll, TestPluginCache: Executors2 are ''.
TpTrace Verbose: 0 : 4780, 4, 2022/01/06, 22:05:50.830, 11344024838931, testhost.dll, TestPluginCache: Setting providers are ''.
TpTrace Verbose: 0 : 4780, 4, 2022/01/06, 22:05:50.830, 11344024839144, testhost.dll, TestPluginCache: Loggers are ''.
TpTrace Information: 0 : 4780, 4, 2022/01/06, 22:05:50.836, 11344024901845, testhost.dll, PEReaderHelper.GetAssemblyType: Determined assemblyType:'Managed' for source: 'C:\Users\prico\Desktop\Classification-of-IrisFlower-Project\IrisAPI\bin\Debug\net5.0\fine-code-coverage\build-output\IrisAPI.dll'
TpTrace Verbose: 0 : 4780, 4, 2022/01/06, 22:05:50.842, 11344024960934, testhost.dll, BaseRunTests.RunTestInternalWithExecutors: Running tests for executor://xunit/VsTestRunner2/netcoreapp
TpTrace Information: 0 : 4780, 4, 2022/01/06, 22:05:50.851, 11344025055752, testhost.dll, [xUnit.net 00:00:00.00] xUnit.net VSTest Adapter v2.4.3+1b45f5407b (64-bit .NET 5.0.13)
TpTrace Verbose: 0 : 4780, 4, 2022/01/06, 22:05:50.851, 11344025056886, testhost.dll, TestRequestHandler.SendData:  sending data from testhost: {"Version":3,"MessageType":"TestSession.Message","Payload":{"MessageLevel":0,"Message":"[xUnit.net 00:00:00.00] xUnit.net VSTest Adapter v2.4.3+1b45f5407b (64-bit .NET 5.0.13)"}}
TpTrace Verbose: 0 : 4780, 8, 2022/01/06, 22:05:51.755, 11344034088518, testhost.dll, TcpClientExtensions.MessageLoopAsync: Polling on remoteEndPoint: [::ffff:127.0.0.1]:51404 localEndPoint: [::ffff:127.0.0.1]:51405
TpTrace Information: 0 : 4780, 4, 2022/01/06, 22:05:52.667, 11344043209868, testhost.dll, AssemblyResolver.OnResolve: xunit.runner.reporters.netcoreapp10: Resolving assembly.
TpTrace Information: 0 : 4780, 4, 2022/01/06, 22:05:52.667, 11344043216210, testhost.dll, AssemblyResolver.OnResolve: Resolved assembly: xunit.runner.reporters.netcoreapp10, from path: C:\Users\prico\Desktop\Classification-of-IrisFlower-Project\IrisAPI\bin\Debug\net5.0\fine-code-coverage\build-output\xunit.runner.reporters.netcoreapp10.dll
TpTrace Information: 0 : 4780, 4, 2022/01/06, 22:05:52.767, 11344044211871, testhost.dll, [xUnit.net 00:00:01.92]   Discovering: IrisAPI
TpTrace Verbose: 0 : 4780, 4, 2022/01/06, 22:05:52.767, 11344044213231, testhost.dll, TestRequestHandler.SendData:  sending data from testhost: {"Version":3,"MessageType":"TestSession.Message","Payload":{"MessageLevel":0,"Message":"[xUnit.net 00:00:01.92]   Discovering: IrisAPI"}}
TpTrace Verbose: 0 : 4780, 8, 2022/01/06, 22:05:52.769, 11344044236865, testhost.dll, TcpClientExtensions.MessageLoopAsync: Polling on remoteEndPoint: [::ffff:127.0.0.1]:51404 localEndPoint: [::ffff:127.0.0.1]:51405
TpTrace Information: 0 : 4780, 4, 2022/01/06, 22:05:52.801, 11344044556835, testhost.dll, [xUnit.net 00:00:01.95]   Discovered:  IrisAPI
TpTrace Verbose: 0 : 4780, 4, 2022/01/06, 22:05:52.801, 11344044558115, testhost.dll, TestRequestHandler.SendData:  sending data from testhost: {"Version":3,"MessageType":"TestSession.Message","Payload":{"MessageLevel":0,"Message":"[xUnit.net 00:00:01.95]   Discovered:  IrisAPI"}}
TpTrace Information: 0 : 4780, 4, 2022/01/06, 22:05:52.804, 11344044578388, testhost.dll, [xUnit.net 00:00:01.96]   Starting:    IrisAPI
TpTrace Verbose: 0 : 4780, 4, 2022/01/06, 22:05:52.804, 11344044579187, testhost.dll, TestRequestHandler.SendData:  sending data from testhost: {"Version":3,"MessageType":"TestSession.Message","Payload":{"MessageLevel":0,"Message":"[xUnit.net 00:00:01.96]   Starting:    IrisAPI"}}
TpTrace Verbose: 0 : 4780, 14, 2022/01/06, 22:05:52.851, 11344045056589, testhost.dll, TestExecutionRecorder.RecordStart: Starting test: IrisAPI.IrisControllerTests.GivenIrisDataThenPostMethodShouldReturnTheExpectedCategory.
TpTrace Information: 0 : 4780, 14, 2022/01/06, 22:05:52.853, 11344045075543, testhost.dll, Sending test run statistics
TpTrace Verbose: 0 : 4780, 14, 2022/01/06, 22:05:52.877, 11344045317767, testhost.dll, TestRequestHandler.SendData:  sending data from testhost: {"Version":3,"MessageType":"TestExecution.StatsChange","Payload":{"NewTestResults":[],"TestRunStatistics":{"ExecutedTests":0,"Stats":{}},"ActiveTests":[{"Properties":[{"Key":{"Id":"TestCase.FullyQualifiedName","Label":"FullyQualifiedName","Category":"","Description":"","Attributes":1,"ValueType":"System.String"},"Value":"IrisAPI.IrisControllerTests.GivenIrisDataThenPostMethodShouldReturnTheExpectedCategory"},{"Key":{"Id":"TestCase.ExecutorUri","Label":"Executor Uri","Category":"","Description":"","Attributes":1,"ValueType":"System.Uri"},"Value":"executor://xunit/VsTestRunner2/netcoreapp"},{"Key":{"Id":"TestCase.Source","Label":"Source","Category":"","Description":"","Attributes":0,"ValueType":"System.String"},"Value":"C:\\Users\\prico\\Desktop\\Classification-of-IrisFlower-Project\\IrisAPI\\bin\\Debug\\net5.0\\fine-code-coverage\\build-output\\IrisAPI.dll"},{"Key":{"Id":"TestCase.CodeFilePath","Label":"File Path","Category":"","Description":"","Attributes":0,"ValueType":"System.String"},"Value":null},{"Key":{"Id":"TestCase.DisplayName","Label":"Name","Category":"","Description":"","Attributes":0,"ValueType":"System.String"},"Value":"IrisAPI.IrisControllerTests.GivenIrisDataThenPostMethodShouldReturnTheExpectedCategory"},{"Key":{"Id":"TestCase.Id","Label":"Id","Category":"","Description":"","Attributes":1,"ValueType":"System.Guid"},"Value":"cf6acce0-4598-362a-a1c2-e32cdd733635"},{"Key":{"Id":"TestCase.LineNumber","Label":"Line Number","Category":"","Description":"","Attributes":1,"ValueType":"System.Int32"},"Value":0}]}]}}
TpTrace Verbose: 0 : 4780, 14, 2022/01/06, 22:05:52.878, 11344045320437, testhost.dll, TestRunCache: OnNewTestResult: Notified the onCacheHit callback.
TpTrace Verbose: 0 : 4780, 14, 2022/01/06, 22:05:53.186, 11344048402878, testhost.dll, TestExecutionRecorder.RecordResult: Received result for test: IrisAPI.IrisControllerTests.GivenIrisDataThenPostMethodShouldReturnTheExpectedCategory.
TpTrace Warning: 0 : 4780, 14, 2022/01/06, 22:05:53.211, 11344048649185, testhost.dll, TestRunCache: InProgressTests is null
TpTrace Warning: 0 : 4780, 14, 2022/01/06, 22:05:53.211, 11344048655278, testhost.dll, TestRunCache: No test found corresponding to testResult 'IrisAPI.IrisControllerTests.GivenIrisDataThenPostMethodShouldReturnTheExpectedCategory' in inProgress list.
TpTrace Verbose: 0 : 4780, 14, 2022/01/06, 22:05:53.212, 11344048667368, testhost.dll, TestExecutionRecorder.RecordEnd: test: IrisAPI.IrisControllerTests.GivenIrisDataThenPostMethodShouldReturnTheExpectedCategory execution completed.
TpTrace Warning: 0 : 4780, 14, 2022/01/06, 22:05:53.213, 11344048670671, testhost.dll, TestRunCache: InProgressTests is null
TpTrace Information: 0 : 4780, 4, 2022/01/06, 22:05:53.216, 11344048699909, testhost.dll, [xUnit.net 00:00:02.37]   Finished:    IrisAPI
TpTrace Verbose: 0 : 4780, 4, 2022/01/06, 22:05:53.216, 11344048702386, testhost.dll, TestRequestHandler.SendData:  sending data from testhost: {"Version":3,"MessageType":"TestSession.Message","Payload":{"MessageLevel":0,"Message":"[xUnit.net 00:00:02.37]   Finished:    IrisAPI"}}
TpTrace Verbose: 0 : 4780, 4, 2022/01/06, 22:05:53.221, 11344048752819, testhost.dll, BaseRunTests.RunTestInternalWithExecutors: Completed running tests for executor://xunit/VsTestRunner2/netcoreapp
TpTrace Information: 0 : 4780, 4, 2022/01/06, 22:05:53.224, 11344048778660, testhost.dll, Sending test run complete
TpTrace Verbose: 0 : 4780, 4, 2022/01/06, 22:05:53.239, 11344048932474, testhost.dll, TestRequestHandler.SendData:  sending data from testhost: {"Version":3,"MessageType":"TestExecution.Completed","Payload":{"TestRunCompleteArgs":{"TestRunStatistics":{"ExecutedTests":1,"Stats":{"Passed":1}},"IsCanceled":false,"IsAborted":false,"Error":null,"AttachmentSets":[],"ElapsedTimeInRunningTests":"00:00:02.3836501","Metrics":{}},"LastRunTests":{"NewTestResults":[{"TestCase":{"Properties":[{"Key":{"Id":"TestCase.FullyQualifiedName","Label":"FullyQualifiedName","Category":"","Description":"","Attributes":1,"ValueType":"System.String"},"Value":"IrisAPI.IrisControllerTests.GivenIrisDataThenPostMethodShouldReturnTheExpectedCategory"},{"Key":{"Id":"TestCase.ExecutorUri","Label":"Executor Uri","Category":"","Description":"","Attributes":1,"ValueType":"System.Uri"},"Value":"executor://xunit/VsTestRunner2/netcoreapp"},{"Key":{"Id":"TestCase.Source","Label":"Source","Category":"","Description":"","Attributes":0,"ValueType":"System.String"},"Value":"C:\\Users\\prico\\Desktop\\Classification-of-IrisFlower-Project\\IrisAPI\\bin\\Debug\\net5.0\\fine-code-coverage\\build-output\\IrisAPI.dll"},{"Key":{"Id":"TestCase.CodeFilePath","Label":"File Path","Category":"","Description":"","Attributes":0,"ValueType":"System.String"},"Value":null},{"Key":{"Id":"TestCase.DisplayName","Label":"Name","Category":"","Description":"","Attributes":0,"ValueType":"System.String"},"Value":"IrisAPI.IrisControllerTests.GivenIrisDataThenPostMethodShouldReturnTheExpectedCategory"},{"Key":{"Id":"TestCase.Id","Label":"Id","Category":"","Description":"","Attributes":1,"ValueType":"System.Guid"},"Value":"cf6acce0-4598-362a-a1c2-e32cdd733635"},{"Key":{"Id":"TestCase.LineNumber","Label":"Line Number","Category":"","Description":"","Attributes":1,"ValueType":"System.Int32"},"Value":0}]},"Attachments":[],"Messages":[],"Properties":[{"Key":{"Id":"TestResult.Outcome","Label":"Outcome","Category":"","Description":"","Attributes":0,"ValueType":"Microsoft.VisualStudio.TestPlatform.ObjectModel.TestOutcome, Microsoft.VisualStudio.TestPlatform.ObjectModel, Version=15.0.0.0, Culture=neutral, PublicKeyToken=b03f5f7f11d50a3a"},"Value":1},{"Key":{"Id":"TestResult.ErrorMessage","Label":"Error Message","Category":"","Description":"","Attributes":0,"ValueType":"System.String"},"Value":null},{"Key":{"Id":"TestResult.ErrorStackTrace","Label":"Error Stack Trace","Category":"","Description":"","Attributes":0,"ValueType":"System.String"},"Value":null},{"Key":{"Id":"TestResult.DisplayName","Label":"TestResult Display Name","Category":"","Description":"","Attributes":1,"ValueType":"System.String"},"Value":"IrisAPI.IrisControllerTests.GivenIrisDataThenPostMethodShouldReturnTheExpectedCategory"},{"Key":{"Id":"TestResult.ComputerName","Label":"Computer Name","Category":"","Description":"","Attributes":0,"ValueType":"System.String"},"Value":"DESKTOP-E5MJQ78"},{"Key":{"Id":"TestResult.Duration","Label":"Duration","Category":"","Description":"","Attributes":0,"ValueType":"System.TimeSpan"},"Value":"00:00:00.3173775"},{"Key":{"Id":"TestResult.StartTime","Label":"Start Time","Category":"","Description":"","Attributes":0,"ValueType":"System.DateTimeOffset"},"Value":"2022-01-06T20:05:53.1859241+00:00"},{"Key":{"Id":"TestResult.EndTime","Label":"End Time","Category":"","Description":"","Attributes":0,"ValueType":"System.DateTimeOffset"},"Value":"2022-01-06T20:05:53.1859581+00:00"}]}],"TestRunStatistics":{"ExecutedTests":1,"Stats":{"Passed":1}},"ActiveTests":[]},"RunAttachments":[],"ExecutorUris":["executor://xunit/VsTestRunner2/netcoreapp"]}}
TpTrace Verbose: 0 : 4780, 4, 2022/01/06, 22:05:53.239, 11344048938270, testhost.dll, BaseRunTests.RunTests: Run is complete.
TpTrace Verbose: 0 : 4780, 8, 2022/01/06, 22:05:53.241, 11344048956357, testhost.dll, TcpClientExtensions.MessageLoopAsync: NotifyDataAvailable remoteEndPoint: [::ffff:127.0.0.1]:51404 localEndPoint: [::ffff:127.0.0.1]:51405
TpTrace Information: 0 : 4780, 8, 2022/01/06, 22:05:53.242, 11344048964617, testhost.dll, TestRequestHandler.ProcessRequests: received message: (TestSession.Terminate) -> null
TpTrace Information: 0 : 4780, 8, 2022/01/06, 22:05:53.242, 11344048965655, testhost.dll, Session End message received from server. Closing the connection.
TpTrace Information: 0 : 4780, 8, 2022/01/06, 22:05:53.243, 11344048970734, testhost.dll, SocketClient.Stop: Stop communication from server endpoint: 127.0.0.1:051404
TpTrace Information: 0 : 4780, 8, 2022/01/06, 22:05:53.243, 11344048971718, testhost.dll, SocketClient: Stop: Cancellation requested. Stopping message loop.
TpTrace Verbose: 0 : 4780, 8, 2022/01/06, 22:05:53.243, 11344048973322, testhost.dll, LengthPrefixCommunicationChannel.Dispose: Dispose reader and writer.
TpTrace Information: 0 : 4780, 8, 2022/01/06, 22:05:53.243, 11344048973987, testhost.dll, Closing the connection !
TpTrace Information: 0 : 4780, 8, 2022/01/06, 22:05:53.243, 11344048976347, testhost.dll, SocketClient.PrivateStop: Stop communication from server endpoint: 127.0.0.1:051404, error:
TpTrace Information: 0 : 4780, 1, 2022/01/06, 22:05:53.244, 11344048978954, testhost.dll, Closing the connection !
TpTrace Verbose: 0 : 4780, 8, 2022/01/06, 22:05:53.244, 11344048979163, testhost.dll, LengthPrefixCommunicationChannel.Dispose: Dispose reader and writer.
TpTrace Information: 0 : 4780, 1, 2022/01/06, 22:05:53.244, 11344048979916, testhost.dll, SocketClient.Stop: Stop communication from server endpoint: 127.0.0.1:051404
TpTrace Verbose: 0 : 4780, 1, 2022/01/06, 22:05:53.244, 11344048981463, testhost.dll, LengthPrefixCommunicationChannel.Dispose: Dispose reader and writer.
TpTrace Verbose: 0 : 4780, 8, 2022/01/06, 22:05:53.244, 11344048980713, testhost.dll, TcpClientExtensions.MessageLoopAsync: exiting MessageLoopAsync remoteEndPoint: [::ffff:127.0.0.1]:51404 localEndPoint: [::ffff:127.0.0.1]:51405
TpTrace Information: 0 : 4780, 1, 2022/01/06, 22:05:53.244, 11344048983397, testhost.dll, Testhost process exiting.
